<?xml version="1.0" encoding="UTF-8"?>
<robot generator="Robot 3.2.1 (Python 3.7.6 on win32)" generated="20200708 09:31:49.394" rpa="false">
<suite id="s1" name="Test" source="E:\RepoGit\Curso-de-automacao\robot\test.robot">
<test id="s1-t1" name="Deve retornar mensagem de boas vindas">
<kw name="Welcome">
<arguments>
<arg>Fernando</arg>
</arguments>
<msg timestamp="20200708 09:31:49.493" level="FAIL">No keyword with name 'Welcome' found.</msg>
<status status="FAIL" starttime="20200708 09:31:49.493" endtime="20200708 09:31:49.493"></status>
</kw>
<status status="FAIL" starttime="20200708 09:31:49.491" endtime="20200708 09:31:49.494" critical="yes">No keyword with name 'Welcome' found.</status>
</test>
<status status="FAIL" starttime="20200708 09:31:49.397" endtime="20200708 09:31:49.496"></status>
</suite>
<statistics>
<total>
<stat pass="0" fail="1">Critical Tests</stat>
<stat pass="0" fail="1">All Tests</stat>
</total>
<tag>
</tag>
<suite>
<stat pass="0" fail="1" id="s1" name="Test">Test</stat>
</suite>
</statistics>
<errors>
<msg timestamp="20200708 09:31:49.488" level="WARN">Imported library 'E:\RepoGit\Curso-de-automacao\robot\app.py' contains no keywords.</msg>
</errors>
</robot>
