<?xml version="1.0" encoding="UTF-8"?>
<robot generator="Robot 3.2.1 (Python 3.8.2 on win32)" generated="20200727 17:05:36.958" rpa="false">
<suite id="s1" name="Login" source="E:\RepoGit\Curso-de-automacao\robot_edicao_2\ninjachef\mobile\tests\login.robot">
<test id="s1-t1" name="Acessar o cardapio">
<kw name="Open Session" library="base" type="setup">
<kw name="Open Application" library="AppiumLibrary">
<doc>Opens a new application to given Appium server.
Capabilities of appium server, Android and iOS,
Please check https://github.com/appium/appium/blob/master/docs/en/writing-running-appium/server-args.md
| *Option*            | *Man.* | *Description*     |
| remote_url          | Yes    | Appium server url |
| alias               | no     | alias             |</doc>
<arguments>
<arg>http://127.0.0.1:4723/wd/hub</arg>
<arg>automationName=UIAutomator2</arg>
<arg>platformName=Android</arg>
<arg>deviceName=Emulator</arg>
<arg>app=${EXECDIR}/app/ninjachef.apk</arg>
<arg>udid=emulator-5554</arg>
<arg>adbExecTimeout=50000</arg>
</arguments>
<status status="PASS" starttime="20200727 17:05:37.231" endtime="20200727 17:05:59.639"></status>
</kw>
<status status="PASS" starttime="20200727 17:05:37.230" endtime="20200727 17:05:59.639"></status>
</kw>
<kw name="Dado que eu desejo comer &quot;Massas&quot;" library="kws">
<kw name="Set Test Variable" library="BuiltIn">
<doc>Makes a variable available everywhere within the scope of the current test.</doc>
<arguments>
<arg>${prato}</arg>
</arguments>
<msg timestamp="20200727 17:05:59.640" level="INFO">${prato} = Massas</msg>
<status status="PASS" starttime="20200727 17:05:59.640" endtime="20200727 17:05:59.640"></status>
</kw>
<status status="PASS" starttime="20200727 17:05:59.639" endtime="20200727 17:05:59.641"></status>
</kw>
<kw name="Quando submeto meu email &quot;papito@qaninja.com.br&quot;" library="kws">
<kw name="Wait Until Page Contains" library="AppiumLibrary">
<doc>Waits until `text` appears on current page.</doc>
<arguments>
<arg>Buscar Prato</arg>
<arg>10</arg>
</arguments>
<status status="PASS" starttime="20200727 17:05:59.641" endtime="20200727 17:06:02.605"></status>
</kw>
<kw name="Input Text" library="AppiumLibrary">
<doc>Types the given `text` into text field identified by `locator`.</doc>
<arguments>
<arg>accessibility_id=emailInput</arg>
<arg>${email}</arg>
</arguments>
<msg timestamp="20200727 17:06:02.607" level="INFO">Typing text 'papito@qaninja.com.br' into text field 'accessibility_id=emailInput'</msg>
<status status="PASS" starttime="20200727 17:06:02.605" endtime="20200727 17:06:02.681"></status>
</kw>
<kw name="Input Text" library="AppiumLibrary">
<doc>Types the given `text` into text field identified by `locator`.</doc>
<arguments>
<arg>accessibility_id=plateInput</arg>
<arg>${prato}</arg>
</arguments>
<msg timestamp="20200727 17:06:02.682" level="INFO">Typing text 'Massas' into text field 'accessibility_id=plateInput'</msg>
<status status="PASS" starttime="20200727 17:06:02.681" endtime="20200727 17:06:03.225"></status>
</kw>
<kw name="Click Text" library="AppiumLibrary">
<doc>Click text identified by ``text``.</doc>
<arguments>
<arg>Buscar Prato</arg>
</arguments>
<status status="PASS" starttime="20200727 17:06:03.225" endtime="20200727 17:06:03.874"></status>
</kw>
<status status="PASS" starttime="20200727 17:05:59.641" endtime="20200727 17:06:03.875"></status>
</kw>
<kw name="Então devo ver a lista de pratos por tipo" library="kws">
<kw name="Wait Until Page Contains" library="AppiumLibrary">
<doc>Waits until `text` appears on current page.</doc>
<arguments>
<arg>Fome de ${prato}</arg>
</arguments>
<status status="PASS" starttime="20200727 17:06:03.876" endtime="20200727 17:06:05.035"></status>
</kw>
<status status="PASS" starttime="20200727 17:06:03.875" endtime="20200727 17:06:05.035"></status>
</kw>
<kw name="Close Session" library="base" type="teardown">
<kw name="Capture Page Screenshot" library="AppiumLibrary">
<doc>Takes a screenshot of the current page and embeds it into the log.</doc>
<msg timestamp="20200727 17:06:05.455" level="INFO" html="yes">&lt;/td&gt;&lt;/tr&gt;&lt;tr&gt;&lt;td colspan="3"&gt;&lt;a href="appium-screenshot-1.png"&gt;&lt;img src="appium-screenshot-1.png" width="800px"&gt;&lt;/a&gt;</msg>
<status status="PASS" starttime="20200727 17:06:05.042" endtime="20200727 17:06:05.455"></status>
</kw>
<kw name="Close Application" library="AppiumLibrary">
<doc>Closes the current application and also close webdriver session.</doc>
<status status="PASS" starttime="20200727 17:06:05.456" endtime="20200727 17:06:07.170"></status>
</kw>
<status status="PASS" starttime="20200727 17:06:05.042" endtime="20200727 17:06:07.170"></status>
</kw>
<status status="PASS" starttime="20200727 17:05:37.230" endtime="20200727 17:06:07.172" critical="yes"></status>
</test>
<doc>Testes do login no ninjachef Mobile</doc>
<status status="PASS" starttime="20200727 17:05:36.962" endtime="20200727 17:06:07.174"></status>
</suite>
<statistics>
<total>
<stat pass="1" fail="0">Critical Tests</stat>
<stat pass="1" fail="0">All Tests</stat>
</total>
<tag>
</tag>
<suite>
<stat pass="1" fail="0" id="s1" name="Login">Login</stat>
</suite>
</statistics>
<errors>
</errors>
</robot>
