<?xml version="1.0" encoding="UTF-8"?>
<robot generator="Robot 3.2.1 (Python 3.7.6 on win32)" generated="20200709 13:36:14.415" rpa="false">
<suite id="s1" name="Login Form" source="E:\RepoGit\Curso-de-automacao\robot\web\tests\login_form.robot">
<test id="s1-t1" name="Login Com sucesso">
<kw name="Nova sessão" library="base" type="setup">
<kw name="Open Browser" library="SeleniumLibrary">
<doc>Opens a new browser instance to the optional ``url``.</doc>
<arguments>
<arg>${url}</arg>
<arg>chrome</arg>
</arguments>
<msg timestamp="20200709 13:36:14.688" level="INFO">Opening browser 'chrome' to base url 'https://training-wheels-protocol.herokuapp.com'.</msg>
<status status="PASS" starttime="20200709 13:36:14.687" endtime="20200709 13:36:20.335"></status>
</kw>
<status status="PASS" starttime="20200709 13:36:14.687" endtime="20200709 13:36:20.335"></status>
</kw>
<kw name="Go To" library="SeleniumLibrary">
<doc>Navigates the current browser window to the provided ``url``.</doc>
<arguments>
<arg>${url}/login</arg>
</arguments>
<msg timestamp="20200709 13:36:20.336" level="INFO">Opening url 'https://training-wheels-protocol.herokuapp.com/login'</msg>
<status status="PASS" starttime="20200709 13:36:20.336" endtime="20200709 13:36:20.793"></status>
</kw>
<kw name="Login With">
<arguments>
<arg>stark</arg>
<arg>jarvis!</arg>
</arguments>
<kw name="Input Text" library="SeleniumLibrary">
<doc>Types the given ``text`` into the text field identified by ``locator``.</doc>
<arguments>
<arg>css:input[name=username]</arg>
<arg>${uname}</arg>
</arguments>
<msg timestamp="20200709 13:36:20.795" level="INFO">Typing text 'stark' into text field 'css:input[name=username]'.</msg>
<status status="PASS" starttime="20200709 13:36:20.794" endtime="20200709 13:36:20.918"></status>
</kw>
<kw name="Input Text" library="SeleniumLibrary">
<doc>Types the given ``text`` into the text field identified by ``locator``.</doc>
<arguments>
<arg>css:input[name=password]</arg>
<arg>${pass}</arg>
</arguments>
<msg timestamp="20200709 13:36:20.919" level="INFO">Typing text 'jarvis!' into text field 'css:input[name=password]'.</msg>
<status status="PASS" starttime="20200709 13:36:20.918" endtime="20200709 13:36:21.022"></status>
</kw>
<kw name="Click Element" library="SeleniumLibrary">
<doc>Click the element identified by ``locator``.</doc>
<arguments>
<arg>class:btn-login</arg>
</arguments>
<msg timestamp="20200709 13:36:21.022" level="INFO">Clicking element 'class:btn-login'.</msg>
<status status="PASS" starttime="20200709 13:36:21.022" endtime="20200709 13:36:21.523"></status>
</kw>
<status status="PASS" starttime="20200709 13:36:20.794" endtime="20200709 13:36:21.523"></status>
</kw>
<kw name="Should See Logged User">
<arguments>
<arg>Tony Stark</arg>
</arguments>
<kw name="Page Should Contain" library="SeleniumLibrary">
<doc>Verifies that current page contains ``text``.</doc>
<arguments>
<arg>Olá, ${full_name}. Você acessou a área logada!</arg>
</arguments>
<msg timestamp="20200709 13:36:21.552" level="INFO">Current page contains text 'Olá, Tony Stark. Você acessou a área logada!'.</msg>
<status status="PASS" starttime="20200709 13:36:21.524" endtime="20200709 13:36:21.552"></status>
</kw>
<status status="PASS" starttime="20200709 13:36:21.524" endtime="20200709 13:36:21.552"></status>
</kw>
<kw name="Encerra sessão" library="base" type="teardown">
<kw name="Capture Page Screenshot" library="SeleniumLibrary">
<doc>Takes a screenshot of the current page and embeds it into a log file.</doc>
<msg timestamp="20200709 13:36:21.927" level="INFO" html="yes">&lt;/td&gt;&lt;/tr&gt;&lt;tr&gt;&lt;td colspan="3"&gt;&lt;a href="selenium-screenshot-16.png"&gt;&lt;img src="selenium-screenshot-16.png" width="800px"&gt;&lt;/a&gt;</msg>
<status status="PASS" starttime="20200709 13:36:21.553" endtime="20200709 13:36:21.928"></status>
</kw>
<kw name="Close Browser" library="SeleniumLibrary">
<doc>Closes the current browser.</doc>
<status status="PASS" starttime="20200709 13:36:21.928" endtime="20200709 13:36:24.181"></status>
</kw>
<status status="PASS" starttime="20200709 13:36:21.553" endtime="20200709 13:36:24.182"></status>
</kw>
<status status="PASS" starttime="20200709 13:36:14.686" endtime="20200709 13:36:24.183" critical="yes"></status>
</test>
<test id="s1-t2" name="Senha inválida">
<kw name="Nova sessão" library="base" type="setup">
<kw name="Open Browser" library="SeleniumLibrary">
<doc>Opens a new browser instance to the optional ``url``.</doc>
<arguments>
<arg>${url}</arg>
<arg>chrome</arg>
</arguments>
<msg timestamp="20200709 13:36:24.190" level="INFO">Opening browser 'chrome' to base url 'https://training-wheels-protocol.herokuapp.com'.</msg>
<status status="PASS" starttime="20200709 13:36:24.190" endtime="20200709 13:36:29.890"></status>
</kw>
<status status="PASS" starttime="20200709 13:36:24.189" endtime="20200709 13:36:29.891"></status>
</kw>
<kw name="Go To" library="SeleniumLibrary">
<doc>Navigates the current browser window to the provided ``url``.</doc>
<arguments>
<arg>${url}/login</arg>
</arguments>
<msg timestamp="20200709 13:36:29.892" level="INFO">Opening url 'https://training-wheels-protocol.herokuapp.com/login'</msg>
<status status="PASS" starttime="20200709 13:36:29.892" endtime="20200709 13:36:30.315"></status>
</kw>
<kw name="Login With">
<arguments>
<arg>stark</arg>
<arg>abc123</arg>
</arguments>
<kw name="Input Text" library="SeleniumLibrary">
<doc>Types the given ``text`` into the text field identified by ``locator``.</doc>
<arguments>
<arg>css:input[name=username]</arg>
<arg>${uname}</arg>
</arguments>
<msg timestamp="20200709 13:36:30.317" level="INFO">Typing text 'stark' into text field 'css:input[name=username]'.</msg>
<status status="PASS" starttime="20200709 13:36:30.317" endtime="20200709 13:36:30.427"></status>
</kw>
<kw name="Input Text" library="SeleniumLibrary">
<doc>Types the given ``text`` into the text field identified by ``locator``.</doc>
<arguments>
<arg>css:input[name=password]</arg>
<arg>${pass}</arg>
</arguments>
<msg timestamp="20200709 13:36:30.427" level="INFO">Typing text 'abc123' into text field 'css:input[name=password]'.</msg>
<status status="PASS" starttime="20200709 13:36:30.427" endtime="20200709 13:36:30.538"></status>
</kw>
<kw name="Click Element" library="SeleniumLibrary">
<doc>Click the element identified by ``locator``.</doc>
<arguments>
<arg>class:btn-login</arg>
</arguments>
<msg timestamp="20200709 13:36:30.538" level="INFO">Clicking element 'class:btn-login'.</msg>
<status status="PASS" starttime="20200709 13:36:30.538" endtime="20200709 13:36:31.035"></status>
</kw>
<status status="PASS" starttime="20200709 13:36:30.316" endtime="20200709 13:36:31.035"></status>
</kw>
<kw name="Should Contain Login Alert">
<arguments>
<arg>Senha é invalida!</arg>
</arguments>
<kw name="Get WebElement" library="SeleniumLibrary">
<doc>Returns the first WebElement matching the given ``locator``.</doc>
<arguments>
<arg>id:flash</arg>
</arguments>
<assign>
<var>${message}</var>
</assign>
<msg timestamp="20200709 13:36:31.052" level="INFO">${message} = &lt;selenium.webdriver.remote.webelement.WebElement (session="25beccc005a75237712125f928f339da", element="893fbdfe-04dc-4cc2-a96a-1bdf330de86f")&gt;</msg>
<status status="PASS" starttime="20200709 13:36:31.036" endtime="20200709 13:36:31.052"></status>
</kw>
<kw name="Should Contain" library="BuiltIn">
<doc>Fails if ``container`` does not contain ``item`` one or more times.</doc>
<arguments>
<arg>${message.text}</arg>
<arg>${expect_message}</arg>
</arguments>
<status status="PASS" starttime="20200709 13:36:31.052" endtime="20200709 13:36:31.071"></status>
</kw>
<status status="PASS" starttime="20200709 13:36:31.036" endtime="20200709 13:36:31.072"></status>
</kw>
<kw name="Encerra sessão" library="base" type="teardown">
<kw name="Capture Page Screenshot" library="SeleniumLibrary">
<doc>Takes a screenshot of the current page and embeds it into a log file.</doc>
<msg timestamp="20200709 13:36:31.430" level="INFO" html="yes">&lt;/td&gt;&lt;/tr&gt;&lt;tr&gt;&lt;td colspan="3"&gt;&lt;a href="selenium-screenshot-17.png"&gt;&lt;img src="selenium-screenshot-17.png" width="800px"&gt;&lt;/a&gt;</msg>
<status status="PASS" starttime="20200709 13:36:31.073" endtime="20200709 13:36:31.431"></status>
</kw>
<kw name="Close Browser" library="SeleniumLibrary">
<doc>Closes the current browser.</doc>
<status status="PASS" starttime="20200709 13:36:31.431" endtime="20200709 13:36:33.676"></status>
</kw>
<status status="PASS" starttime="20200709 13:36:31.072" endtime="20200709 13:36:33.677"></status>
</kw>
<tags>
<tag>login_error</tag>
</tags>
<status status="PASS" starttime="20200709 13:36:24.188" endtime="20200709 13:36:33.678" critical="yes"></status>
</test>
<test id="s1-t3" name="Usuário não existe">
<kw name="Nova sessão" library="base" type="setup">
<kw name="Open Browser" library="SeleniumLibrary">
<doc>Opens a new browser instance to the optional ``url``.</doc>
<arguments>
<arg>${url}</arg>
<arg>chrome</arg>
</arguments>
<msg timestamp="20200709 13:36:33.686" level="INFO">Opening browser 'chrome' to base url 'https://training-wheels-protocol.herokuapp.com'.</msg>
<status status="PASS" starttime="20200709 13:36:33.686" endtime="20200709 13:36:39.592"></status>
</kw>
<status status="PASS" starttime="20200709 13:36:33.685" endtime="20200709 13:36:39.592"></status>
</kw>
<kw name="Go To" library="SeleniumLibrary">
<doc>Navigates the current browser window to the provided ``url``.</doc>
<arguments>
<arg>${url}/login</arg>
</arguments>
<msg timestamp="20200709 13:36:39.594" level="INFO">Opening url 'https://training-wheels-protocol.herokuapp.com/login'</msg>
<status status="PASS" starttime="20200709 13:36:39.593" endtime="20200709 13:36:40.033"></status>
</kw>
<kw name="Login With">
<arguments>
<arg>papito</arg>
<arg>jarvis!</arg>
</arguments>
<kw name="Input Text" library="SeleniumLibrary">
<doc>Types the given ``text`` into the text field identified by ``locator``.</doc>
<arguments>
<arg>css:input[name=username]</arg>
<arg>${uname}</arg>
</arguments>
<msg timestamp="20200709 13:36:40.034" level="INFO">Typing text 'papito' into text field 'css:input[name=username]'.</msg>
<status status="PASS" starttime="20200709 13:36:40.034" endtime="20200709 13:36:40.163"></status>
</kw>
<kw name="Input Text" library="SeleniumLibrary">
<doc>Types the given ``text`` into the text field identified by ``locator``.</doc>
<arguments>
<arg>css:input[name=password]</arg>
<arg>${pass}</arg>
</arguments>
<msg timestamp="20200709 13:36:40.163" level="INFO">Typing text 'jarvis!' into text field 'css:input[name=password]'.</msg>
<status status="PASS" starttime="20200709 13:36:40.163" endtime="20200709 13:36:40.269"></status>
</kw>
<kw name="Click Element" library="SeleniumLibrary">
<doc>Click the element identified by ``locator``.</doc>
<arguments>
<arg>class:btn-login</arg>
</arguments>
<msg timestamp="20200709 13:36:40.269" level="INFO">Clicking element 'class:btn-login'.</msg>
<status status="PASS" starttime="20200709 13:36:40.269" endtime="20200709 13:36:40.763"></status>
</kw>
<status status="PASS" starttime="20200709 13:36:40.033" endtime="20200709 13:36:40.763"></status>
</kw>
<kw name="Should Contain Login Alert">
<arguments>
<arg>O usuário informado não está cadastrado!</arg>
</arguments>
<kw name="Get WebElement" library="SeleniumLibrary">
<doc>Returns the first WebElement matching the given ``locator``.</doc>
<arguments>
<arg>id:flash</arg>
</arguments>
<assign>
<var>${message}</var>
</assign>
<msg timestamp="20200709 13:36:40.780" level="INFO">${message} = &lt;selenium.webdriver.remote.webelement.WebElement (session="c5f7c50ef06e04e910731ef049e50b90", element="181ef5cc-85ee-4a67-8bfe-4522c56fd940")&gt;</msg>
<status status="PASS" starttime="20200709 13:36:40.765" endtime="20200709 13:36:40.780"></status>
</kw>
<kw name="Should Contain" library="BuiltIn">
<doc>Fails if ``container`` does not contain ``item`` one or more times.</doc>
<arguments>
<arg>${message.text}</arg>
<arg>${expect_message}</arg>
</arguments>
<status status="PASS" starttime="20200709 13:36:40.780" endtime="20200709 13:36:40.798"></status>
</kw>
<status status="PASS" starttime="20200709 13:36:40.765" endtime="20200709 13:36:40.798"></status>
</kw>
<kw name="Encerra sessão" library="base" type="teardown">
<kw name="Capture Page Screenshot" library="SeleniumLibrary">
<doc>Takes a screenshot of the current page and embeds it into a log file.</doc>
<msg timestamp="20200709 13:36:41.190" level="INFO" html="yes">&lt;/td&gt;&lt;/tr&gt;&lt;tr&gt;&lt;td colspan="3"&gt;&lt;a href="selenium-screenshot-18.png"&gt;&lt;img src="selenium-screenshot-18.png" width="800px"&gt;&lt;/a&gt;</msg>
<status status="PASS" starttime="20200709 13:36:40.799" endtime="20200709 13:36:41.190"></status>
</kw>
<kw name="Close Browser" library="SeleniumLibrary">
<doc>Closes the current browser.</doc>
<status status="PASS" starttime="20200709 13:36:41.190" endtime="20200709 13:36:43.467"></status>
</kw>
<status status="PASS" starttime="20200709 13:36:40.799" endtime="20200709 13:36:43.467"></status>
</kw>
<tags>
<tag>login_user404</tag>
</tags>
<status status="PASS" starttime="20200709 13:36:33.683" endtime="20200709 13:36:43.468" critical="yes"></status>
</test>
<status status="PASS" starttime="20200709 13:36:14.420" endtime="20200709 13:36:43.471"></status>
</suite>
<statistics>
<total>
<stat pass="3" fail="0">Critical Tests</stat>
<stat pass="3" fail="0">All Tests</stat>
</total>
<tag>
<stat pass="1" fail="0">login_error</stat>
<stat pass="1" fail="0">login_user404</stat>
</tag>
<suite>
<stat pass="3" fail="0" id="s1" name="Login Form">Login Form</stat>
</suite>
</statistics>
<errors>
</errors>
</robot>
