<?xml version="1.0" encoding="UTF-8"?>
<testsuite name="rspec" tests="20" skipped="0" failures="0" errors="0" time="0.021336" timestamp="2020-05-09T15:43:19-03:00" hostname="DESKTOP-IBLRM8H">
<properties>
<property name="seed" value="51557"/>
</properties>
<testcase classname="spec.avengers_spec" name="AvengersHeadQuarter deve adicionar um vingador" file="./spec/avengers_spec.rb" time="0.006107"></testcase>
<testcase classname="spec.avengers_spec" name="AvengersHeadQuarter deve adicionar uma lista de vingadores" file="./spec/avengers_spec.rb" time="0.004472"></testcase>
<testcase classname="spec.avengers_spec" name="AvengersHeadQuarter thor deve ser o primeiro da lista" file="./spec/avengers_spec.rb" time="0.002227"></testcase>
<testcase classname="spec.avengers_spec" name="AvengersHeadQuarter Ironman deve ser o ultimo da lista" file="./spec/avengers_spec.rb" time="0.000061"></testcase>
<testcase classname="spec.avengers_spec" name="AvengersHeadQuarter deve conter o sobre nome" file="./spec/avengers_spec.rb" time="0.002095"></testcase>
<testcase classname="spec.bank.saque_cc_spec" name="ContaCorrente Saque quando o valor é positivo então atualiza saldo" file="./spec/bank/saque_cc_spec.rb" time="0.000060"></testcase>
<testcase classname="spec.bank.saque_cc_spec" name="ContaCorrente Saque quando o saldo é zero então exibe mensagem" file="./spec/bank/saque_cc_spec.rb" time="0.000054"></testcase>
<testcase classname="spec.bank.saque_cc_spec" name="ContaCorrente Saque quando o saldo é zero E o saldo final com zeros" file="./spec/bank/saque_cc_spec.rb" time="0.000050"></testcase>
<testcase classname="spec.bank.saque_cc_spec" name="ContaCorrente Saque quando o saldo é insuficiente então exibe mensagem" file="./spec/bank/saque_cc_spec.rb" time="0.000050"></testcase>
<testcase classname="spec.bank.saque_cc_spec" name="ContaCorrente Saque quando o saldo é insuficiente e o saldo permanece" file="./spec/bank/saque_cc_spec.rb" time="0.000048"></testcase>
<testcase classname="spec.bank.saque_cc_spec" name="ContaCorrente Saque quando supera o limite do saque então exibe mensagem" file="./spec/bank/saque_cc_spec.rb" time="0.000049"></testcase>
<testcase classname="spec.bank.saque_cc_spec" name="ContaCorrente Saque quando supera o limite do saque E o saldo permanece" file="./spec/bank/saque_cc_spec.rb" time="0.000046"></testcase>
<testcase classname="spec.bank.saque_cp_spec" name="ContaPoupanca Saque quando o valor é positivo então atualiza saldo" file="./spec/bank/saque_cp_spec.rb" time="0.000049"></testcase>
<testcase classname="spec.bank.saque_cp_spec" name="ContaPoupanca Saque quando o saldo é zero então exibe mensagem" file="./spec/bank/saque_cp_spec.rb" time="0.000049"></testcase>
<testcase classname="spec.bank.saque_cp_spec" name="ContaPoupanca Saque quando o saldo é zero E o saldo final com zeros" file="./spec/bank/saque_cp_spec.rb" time="0.000045"></testcase>
<testcase classname="spec.bank.saque_cp_spec" name="ContaPoupanca Saque quando o saldo é insuficiente então exibe mensagem" file="./spec/bank/saque_cp_spec.rb" time="0.000059"></testcase>
<testcase classname="spec.bank.saque_cp_spec" name="ContaPoupanca Saque quando o saldo é insuficiente e o saldo permanece" file="./spec/bank/saque_cp_spec.rb" time="0.000044"></testcase>
<testcase classname="spec.bank.saque_cp_spec" name="ContaPoupanca Saque quando supera o limite do saque então exibe mensagem" file="./spec/bank/saque_cp_spec.rb" time="0.000046"></testcase>
<testcase classname="spec.bank.saque_cp_spec" name="ContaPoupanca Saque quando supera o limite do saque E o saldo permanece" file="./spec/bank/saque_cp_spec.rb" time="0.000044"></testcase>
<testcase classname="spec.exemplos_spec" name="exemplos rspec soma de valores" file="./spec/exemplos_spec.rb" time="0.000044"></testcase>
</testsuite>
